2025-12-02 20:24:03, MOVE, v:1, k:poo@contato, mode:PICK
2025-12-02 20:24:21, MOVE, v:1, k:poo@contato, mode:BACK
2025-12-02 20:24:36, MOVE, v:1, k:poo@agenda, mode:DOWN
2025-12-02 20:24:42, MOVE, v:1, k:poo@agiota, mode:DOWN
2025-12-02 20:24:47, MOVE, v:1, k:poo@petshop, mode:DOWN
2025-12-02 20:24:52, MOVE, v:1, k:poo@porquinho, mode:DOWN
2025-12-02 20:25:01, MOVE, v:1, k:poo@agenda, mode:PICK
2025-12-02 20:25:09, MOVE, v:1, k:poo@agenda, mode:BACK
2025-12-02 21:51:38, MOVE, v:1, k:poo@agenda, mode:PICK
2025-12-02 21:52:35, MOVE, v:1, k:poo@agenda, mode:BACK
2025-12-02 21:52:40, MOVE, v:1, k:poo@contato, mode:PICK
2025-12-02 22:15:10, MOVE, v:1, k:poo@contato, mode:BACK
2025-12-02 22:15:38, MOVE, v:1, k:poo@contato, mode:PICK
2025-12-02 22:15:40, EXEC, v:1, k:poo@contato, mode:FULL, rate:0, size:30
2025-12-02 22:15:42, MOVE, v:1, k:poo@contato, mode:BACK
2025-12-02 22:16:11, MOVE, v:1, k:poo@contato, mode:PICK
2025-12-02 22:23:27, EXEC, v:1, k:poo@contato, mode:FULL, rate:0, size:55
2025-12-02 22:23:41, EXEC, v:1, k:poo@contato, mode:FULL, rate:0, size:55
2025-12-02 22:27:05, EXEC, v:1, k:poo@contato, mode:FULL, rate:0, size:67
2025-12-02 22:28:58, EXEC, v:1, k:poo@contato, mode:FULL, rate:0, size:80
2025-12-02 22:28:59, EXEC, v:1, k:poo@contato, mode:FULL, rate:0
2025-12-02 22:29:00, EXEC, v:1, k:poo@contato, mode:FULL, rate:0
2025-12-02 22:29:17, EXEC, v:1, k:poo@contato, mode:FULL, rate:0, size:80
2025-12-02 22:29:18, EXEC, v:1, k:poo@contato, mode:FULL, rate:0
2025-12-02 22:29:28, EXEC, v:1, k:poo@contato, mode:FULL, rate:0, size:80
2025-12-02 22:29:29, EXEC, v:1, k:poo@contato, mode:FULL, rate:0
2025-12-02 22:31:36, EXEC, v:1, k:poo@contato, mode:FULL, rate:0, size:80
2025-12-02 22:32:42, EXEC, v:1, k:poo@contato, mode:FULL, rate:80, size:79
2025-12-02 22:36:20, EXEC, v:1, k:poo@contato, mode:FULL, rate:0, size:79
2025-12-02 22:36:28, EXEC, v:1, k:poo@contato, mode:FULL, rate:100, size:79
2025-12-02 22:36:36, MOVE, v:1, k:poo@contato, mode:BACK
2025-12-02 22:37:10, SELF, v:1, k:poo@contato, rate:100, human:_, guide:_, alone:9, study:60
2025-12-02 22:37:22, MOVE, v:1, k:poo@agenda, mode:PICK
2025-12-02 22:41:50, EXEC, v:1, k:poo@agenda, mode:FULL, rate:0, size:0
2025-12-02 22:41:55, MOVE, v:1, k:poo@agenda, mode:BACK
